<?xml version="1.0" encoding="UTF-8"?>
<!-- Generated by org.testng.reporters.JUnitReportReporter -->
<testsuite hostname="MacBook-Pro-5.local" failures="0" tests="3" name="testNg.BeforeAndAfterMethodsExecution" time="0.060" errors="0" timestamp="2025-01-01T22:57:45 IST" skipped="0">
  <testcase classname="testNg.BeforeAndAfterMethodsExecution" name="addToTheCart" time="0.011"/>
  <testcase classname="testNg.BeforeAndAfterMethodsExecution" name="homePage" time="0.045"/>
  <testcase classname="testNg.BeforeAndAfterMethodsExecution" name="searchProduct" time="0.004"/>
</testsuite> <!-- testNg.BeforeAndAfterMethodsExecution -->
