<?xml version="1.0" encoding="UTF-8"?>
<!-- Generated by org.testng.reporters.JUnitReportReporter -->
<testsuite hostname="MacBook-Pro-5.local" failures="0" tests="2" name="testNBeforeAndAfterTest.c2" time="0.003" errors="0" timestamp="2025-01-01T22:52:23 IST" skipped="0">
  <testcase classname="testNBeforeAndAfterTest.c2" name="login2" time="0.000"/>
  <testcase classname="testNBeforeAndAfterTest.c2" name="login2" time="0.003"/>
</testsuite> <!-- testNBeforeAndAfterTest.c2 -->
