<?xml version="1.0" encoding="UTF-8"?>
<!-- Generated by org.testng.reporters.JUnitReportReporter -->
<testsuite hostname="MacBook-Pro-5.local" failures="0" tests="1" name="grouping.Regression" time="0.007" errors="0" timestamp="2025-01-01T22:30:53 IST" skipped="0">
  <testcase classname="grouping.Regression" name="m5" time="0.007"/>
</testsuite> <!-- grouping.Regression -->
