<?xml version="1.0" encoding="UTF-8"?>
<!-- Generated by org.testng.reporters.JUnitReportReporter -->
<testsuite hostname="MacBook-Pro-5.local" failures="0" tests="6" name="paralleltesting.ParalleltestingscriptusingXMLFile" time="35.832" errors="0" timestamp="2025-01-01T18:31:15 IST" skipped="0">
  <testcase classname="paralleltesting.ParalleltestingscriptusingXMLFile" name="setUp" time="15.788"/>
  <testcase classname="paralleltesting.ParalleltestingscriptusingXMLFile" name="setUp" time="18.455"/>
  <testcase classname="paralleltesting.ParalleltestingscriptusingXMLFile" name="logodisplayed" time="0.132"/>
  <testcase classname="paralleltesting.ParalleltestingscriptusingXMLFile" name="logodisplayed" time="0.225"/>
  <testcase classname="paralleltesting.ParalleltestingscriptusingXMLFile" name="tearDown" time="0.954"/>
  <testcase classname="paralleltesting.ParalleltestingscriptusingXMLFile" name="tearDown" time="0.278"/>
</testsuite> <!-- paralleltesting.ParalleltestingscriptusingXMLFile -->
