<?xml version="1.0" encoding="UTF-8"?>
<!-- Generated by org.testng.reporters.JUnitReportReporter -->
<testsuite hostname="MacBook-Pro-5.local" failures="0" tests="4" name="testNBeforeAndAfterTest.c1" time="0.013" errors="0" timestamp="2025-01-01T22:52:23 IST" skipped="0">
  <testcase classname="testNBeforeAndAfterTest.c1" name="logout" time="0.003"/>
  <testcase classname="testNBeforeAndAfterTest.c1" name="homePage" time="0.006"/>
  <testcase classname="testNBeforeAndAfterTest.c1" name="logout" time="0.002"/>
  <testcase classname="testNBeforeAndAfterTest.c1" name="homePage" time="0.002"/>
</testsuite> <!-- testNBeforeAndAfterTest.c1 -->
