<?xml version="1.0" encoding="UTF-8"?>
<!-- Generated by org.testng.reporters.JUnitReportReporter -->
<testsuite hostname="MacBook-Pro-5.local" failures="0" tests="1" name="Selenium4Classes.StaticTablePrac2" time="19.522" errors="0" timestamp="2025-01-12T23:36:32 IST" skipped="0">
  <testcase classname="Selenium4Classes.StaticTablePrac2" name="staticTable" time="19.522"/>
</testsuite> <!-- Selenium4Classes.StaticTablePrac2 -->
