<?xml version="1.0" encoding="UTF-8"?>
<!-- Generated by org.testng.reporters.JUnitReportReporter -->
<testsuite hostname="MacBook-Pro-5.local" failures="0" tests="8" name="testNBeforeAndAfterTest.class1" time="0.021" errors="0" timestamp="2024-12-30T13:21:34 IST" skipped="0">
  <testcase classname="testNBeforeAndAfterTest.class1" name="addToTheCart2" time="0.009"/>
  <testcase classname="testNBeforeAndAfterTest.class1" name="searchProduct2" time="0.001"/>
  <testcase classname="testNBeforeAndAfterTest.class1" name="homePage2" time="0.001"/>
  <testcase classname="testNBeforeAndAfterTest.class1" name="logout" time="0.003"/>
  <testcase classname="testNBeforeAndAfterTest.class1" name="searchProduct2" time="0.002"/>
  <testcase classname="testNBeforeAndAfterTest.class1" name="addToTheCart2" time="0.003"/>
  <testcase classname="testNBeforeAndAfterTest.class1" name="logout" time="0.001"/>
  <testcase classname="testNBeforeAndAfterTest.class1" name="homePage2" time="0.001"/>
</testsuite> <!-- testNBeforeAndAfterTest.class1 -->
