<?xml version="1.0" encoding="UTF-8"?>
<!-- Generated by org.testng.reporters.JUnitReportReporter -->
<testsuite hostname="MacBook-Pro-5.local" failures="0" tests="1" name="Selenium4Classes.DropDownLea" time="117.269" errors="0" timestamp="2025-01-16T14:09:35 IST" skipped="0">
  <testcase classname="Selenium4Classes.DropDownLea" name="handleDropDown" time="117.269"/>
</testsuite> <!-- Selenium4Classes.DropDownLea -->
