<?xml version="1.0" encoding="UTF-8"?>
<!-- Generated by org.testng.reporters.JUnitReportReporter -->
<testsuite hostname="MacBook-Pro-5.local" failures="0" tests="8" name="testNBeforeAndAfterTest.class2" time="0.014" errors="0" timestamp="2024-12-30T13:21:34 IST" skipped="0">
  <testcase classname="testNBeforeAndAfterTest.class2" name="addToTheCart" time="0.001"/>
  <testcase classname="testNBeforeAndAfterTest.class2" name="login" time="0.000"/>
  <testcase classname="testNBeforeAndAfterTest.class2" name="login" time="0.004"/>
  <testcase classname="testNBeforeAndAfterTest.class2" name="searchProduct" time="0.002"/>
  <testcase classname="testNBeforeAndAfterTest.class2" name="homePage" time="0.001"/>
  <testcase classname="testNBeforeAndAfterTest.class2" name="addToTheCart" time="0.003"/>
  <testcase classname="testNBeforeAndAfterTest.class2" name="searchProduct" time="0.001"/>
  <testcase classname="testNBeforeAndAfterTest.class2" name="homePage" time="0.002"/>
</testsuite> <!-- testNBeforeAndAfterTest.class2 -->
