<?xml version="1.0" encoding="UTF-8"?>
<!-- Generated by org.testng.reporters.JUnitReportReporter -->
<testsuite hostname="MacBook-Pro-5.local" failures="0" tests="8" name="testNBeforeAndAfterTest.BeforeTestAndAfterTestExecution" time="0.029" errors="0" timestamp="2024-12-30T13:17:47 IST" skipped="0">
  <testcase classname="testNBeforeAndAfterTest.BeforeTestAndAfterTestExecution" name="homePage" time="0.006"/>
  <testcase classname="testNBeforeAndAfterTest.BeforeTestAndAfterTestExecution" name="homePage" time="0.002"/>
  <testcase classname="testNBeforeAndAfterTest.BeforeTestAndAfterTestExecution" name="addToTheCart" time="0.003"/>
  <testcase classname="testNBeforeAndAfterTest.BeforeTestAndAfterTestExecution" name="searchProduct" time="0.002"/>
  <testcase classname="testNBeforeAndAfterTest.BeforeTestAndAfterTestExecution" name="logout" time="0.001"/>
  <testcase classname="testNBeforeAndAfterTest.BeforeTestAndAfterTestExecution" name="addToTheCart" time="0.008"/>
  <testcase classname="testNBeforeAndAfterTest.BeforeTestAndAfterTestExecution" name="logout" time="0.003"/>
  <testcase classname="testNBeforeAndAfterTest.BeforeTestAndAfterTestExecution" name="searchProduct" time="0.004"/>
</testsuite> <!-- testNBeforeAndAfterTest.BeforeTestAndAfterTestExecution -->
