<?xml version="1.0" encoding="UTF-8"?>
<!-- Generated by org.testng.reporters.JUnitReportReporter -->
<testsuite hostname="MacBook-Pro-5.local" failures="0" tests="1" name="Selenium4Classes.KapurkaSiteTableChallenges" time="22.573" errors="0" timestamp="2025-01-05T11:56:18 IST" skipped="0">
  <testcase classname="Selenium4Classes.KapurkaSiteTableChallenges" name="setUp" time="22.573"/>
</testsuite> <!-- Selenium4Classes.KapurkaSiteTableChallenges -->
