<?xml version="1.0" encoding="UTF-8"?>
<!-- Generated by org.testng.reporters.JUnitReportReporter -->
<testsuite hostname="MacBook-Pro-5.local" failures="0" tests="5" name="grouping.Smoke" time="0.009" errors="0" timestamp="2025-01-01T22:30:53 IST" skipped="0">
  <testcase classname="grouping.Smoke" name="m4" time="0.002"/>
  <testcase classname="grouping.Smoke" name="m2" time="0.001"/>
  <testcase classname="grouping.Smoke" name="m5" time="0.001"/>
  <testcase classname="grouping.Smoke" name="m3" time="0.002"/>
  <testcase classname="grouping.Smoke" name="m1" time="0.003"/>
</testsuite> <!-- grouping.Smoke -->
