<?xml version="1.0" encoding="UTF-8"?>
<!-- Generated by org.testng.reporters.JUnitReportReporter -->
<testsuite hostname="MacBook-Pro-5.local" failures="0" tests="3" name="allannotation.AllAnnotations" time="0.041" errors="0" timestamp="2024-12-30T14:12:38 IST" skipped="0">
  <testcase classname="allannotation.AllAnnotations" name="m1" time="0.010"/>
  <testcase classname="allannotation.AllAnnotations" name="m3" time="0.019"/>
  <testcase classname="allannotation.AllAnnotations" name="m2" time="0.012"/>
</testsuite> <!-- allannotation.AllAnnotations -->
