<?xml version="1.0" encoding="UTF-8"?>
<!-- Generated by org.testng.reporters.JUnitReportReporter -->
<testsuite hostname="MacBook-Pro-5.local" failures="0" tests="1" name="testNg.Test2" time="0.000" errors="0" timestamp="2024-12-30T00:19:40 IST" skipped="0">
  <testcase classname="testNg.Test2" name="logout" time="0.000"/>
</testsuite> <!-- testNg.Test2 -->
