<?xml version="1.0" encoding="UTF-8"?>
<!-- Generated by org.testng.reporters.JUnitReportReporter -->
<testsuite hostname="MacBook-Pro-5.local" failures="0" tests="6" name="testNBeforeAndAfterTest.BeforeTestAndAfterTest2ndClass" time="0.021" errors="0" timestamp="2024-12-30T13:17:47 IST" skipped="0">
  <testcase classname="testNBeforeAndAfterTest.BeforeTestAndAfterTest2ndClass" name="homePage2" time="0.002"/>
  <testcase classname="testNBeforeAndAfterTest.BeforeTestAndAfterTest2ndClass" name="addToTheCart2" time="0.004"/>
  <testcase classname="testNBeforeAndAfterTest.BeforeTestAndAfterTest2ndClass" name="addToTheCart2" time="0.002"/>
  <testcase classname="testNBeforeAndAfterTest.BeforeTestAndAfterTest2ndClass" name="homePage2" time="0.002"/>
  <testcase classname="testNBeforeAndAfterTest.BeforeTestAndAfterTest2ndClass" name="searchProduct2" time="0.003"/>
  <testcase classname="testNBeforeAndAfterTest.BeforeTestAndAfterTest2ndClass" name="searchProduct2" time="0.008"/>
</testsuite> <!-- testNBeforeAndAfterTest.BeforeTestAndAfterTest2ndClass -->
