<?xml version="1.0" encoding="UTF-8"?>
<!-- Generated by org.testng.reporters.JUnitReportReporter -->
<testsuite hostname="MacBook-Pro-5.local" failures="0" tests="3" name="allannotation.AllAnnotations" time="0.018" errors="0" timestamp="2025-01-05T12:29:58 IST" skipped="0">
  <testcase classname="allannotation.AllAnnotations" name="m2" time="0.003"/>
  <testcase classname="allannotation.AllAnnotations" name="m3" time="0.004"/>
  <testcase classname="allannotation.AllAnnotations" name="m1" time="0.011"/>
</testsuite> <!-- allannotation.AllAnnotations -->
