<?xml version="1.0" encoding="UTF-8"?>
<!-- Generated by org.testng.reporters.JUnitReportReporter -->
<testsuite hostname="MacBook-Pro-5.local" failures="0" tests="1" name="Selenium4Classes.FramePrac" time="21.364" errors="0" timestamp="2025-01-13T00:04:39 IST" skipped="0">
  <testcase classname="Selenium4Classes.FramePrac" name="frameManager" time="21.364"/>
</testsuite> <!-- Selenium4Classes.FramePrac -->
