<?xml version="1.0" encoding="UTF-8"?>
<!-- Generated by org.testng.reporters.JUnitReportReporter -->
<testsuite hostname="MacBook-Pro-5.local" failures="0" tests="1" name="Selenium4Classes.AutoSuggestionGoogle" time="21.806" errors="0" timestamp="2025-01-12T21:17:18 IST" skipped="0">
  <testcase classname="Selenium4Classes.AutoSuggestionGoogle" name="launch" time="21.806"/>
</testsuite> <!-- Selenium4Classes.AutoSuggestionGoogle -->
