<?xml version="1.0" encoding="UTF-8"?>
<!-- Generated by org.testng.reporters.JUnitReportReporter -->
<testsuite hostname="MacBook-Pro-5.local" failures="0" tests="1" name="Selenium4Classes.CookiesPROG" time="16.355" errors="0" timestamp="2025-01-12T22:07:20 IST" skipped="0">
  <testcase classname="Selenium4Classes.CookiesPROG" name="cookies" time="16.355"/>
</testsuite> <!-- Selenium4Classes.CookiesPROG -->
