<?xml version="1.0" encoding="UTF-8"?>
<!-- Generated by org.testng.reporters.JUnitReportReporter -->
<testsuite hostname="MacBook-Pro-5.local" failures="0" tests="3" name="testNg.BeforeClassAndAfterClassExecution" time="0.010" errors="0" timestamp="2024-12-30T12:34:21 IST" skipped="0">
  <testcase classname="testNg.BeforeClassAndAfterClassExecution" name="addToTheCart" time="0.005"/>
  <testcase classname="testNg.BeforeClassAndAfterClassExecution" name="homePage" time="0.002"/>
  <testcase classname="testNg.BeforeClassAndAfterClassExecution" name="searchProduct" time="0.003"/>
</testsuite> <!-- testNg.BeforeClassAndAfterClassExecution -->
