<?xml version="1.0" encoding="UTF-8"?>
<!-- Generated by org.testng.reporters.JUnitReportReporter -->
<testsuite hostname="MacBook-Pro-5.local" failures="0" tests="5" name="grouping.Sanity" time="0.015" errors="0" timestamp="2024-12-30T17:09:27 IST" skipped="0">
  <testcase classname="grouping.Sanity" name="m2" time="0.009"/>
  <testcase classname="grouping.Sanity" name="m5" time="0.002"/>
  <testcase classname="grouping.Sanity" name="m3" time="0.001"/>
  <testcase classname="grouping.Sanity" name="m4" time="0.001"/>
  <testcase classname="grouping.Sanity" name="m1" time="0.002"/>
</testsuite> <!-- grouping.Sanity -->
