<?xml version="1.0" encoding="UTF-8"?>
<!-- Generated by org.testng.reporters.JUnitReportReporter -->
<testsuite hostname="MacBook-Pro-5.local" failures="0" tests="1" name="testNg.Test2" time="0.002" errors="0" timestamp="2025-01-13T10:09:19 IST" skipped="0">
  <testcase classname="testNg.Test2" name="logout" time="0.002"/>
  <system-out/>
</testsuite> <!-- testNg.Test2 -->
