<?xml version="1.0" encoding="UTF-8"?>
<!-- Generated by org.testng.reporters.JUnitReportReporter -->
<testsuite hostname="MacBook-Pro-5.local" failures="0" tests="2" name="testNBeforeAndAfterTest.c1" time="0.000" errors="0" timestamp="2025-01-02T16:14:40 IST" skipped="0">
  <testcase classname="testNBeforeAndAfterTest.c1" name="homePage" time="0.000"/>
  <system-out/>
  <testcase classname="testNBeforeAndAfterTest.c1" name="logout" time="0.000"/>
  <system-out/>
</testsuite> <!-- testNBeforeAndAfterTest.c1 -->
