<?xml version="1.0" encoding="UTF-8"?>
<!-- Generated by org.testng.reporters.JUnitReportReporter -->
<testsuite hostname="MacBook-Pro-5.local" failures="0" tests="3" name="testNg.TestNgAnnotations" time="0.000" errors="0" timestamp="2025-01-13T10:09:19 IST" skipped="0">
  <testcase classname="testNg.TestNgAnnotations" name="login" time="0.000"/>
  <system-out/>
  <testcase classname="testNg.TestNgAnnotations" name="homePage" time="0.000"/>
  <system-out/>
  <testcase classname="testNg.TestNgAnnotations" name="checkOut" time="0.000"/>
  <system-out/>
</testsuite> <!-- testNg.TestNgAnnotations -->
