<?xml version="1.0" encoding="UTF-8"?>
<!-- Generated by org.testng.reporters.JUnitReportReporter -->
<testsuite hostname="MacBook-Pro-5.local" failures="0" tests="3" name="allannotation.AllAnnotations" time="0.003" errors="0" timestamp="2025-01-02T16:09:15 IST" skipped="0">
  <testcase classname="allannotation.AllAnnotations" name="m1" time="0.002"/>
  <system-out/>
  <testcase classname="allannotation.AllAnnotations" name="m2" time="0.001"/>
  <system-out/>
  <testcase classname="allannotation.AllAnnotations" name="m3" time="0.000"/>
  <system-out/>
</testsuite> <!-- allannotation.AllAnnotations -->
